2025-12-16 21:34:57,627 - ml_pipeline - INFO - Anomaly detection completed. Detected 200 anomalies out of 1000 samples
2025-12-16 21:36:07,251 - ml_pipeline - INFO - Anomaly detection completed. Detected 200 anomalies out of 1000 samples
2025-12-16 21:38:48,924 - ml_pipeline - INFO - Anomaly detection completed. Detected 200 anomalies out of 1000 samples
<<<<<<< HEAD
2025-12-17 20:45:04,641 - ml_pipeline - INFO - Starting Unsupervised Discovery Phase...
2025-12-17 20:45:04,644 - ml_pipeline - INFO - Loaded 1000 records from network_traffic.csv
2025-12-17 20:45:04,645 - ml_pipeline - ERROR - Error in anomaly detection: "None of [Index(['response_code', 'bytes_sent'], dtype='object')] are in the [columns]"
2025-12-17 20:45:04,645 - ml_pipeline - ERROR - Unsupervised discovery phase failed
2025-12-17 20:45:04,646 - ml_pipeline - INFO - Starting Supervised Prediction Phase...
2025-12-17 20:45:04,821 - ml_pipeline - INFO - Supervised model training completed. Test accuracy: 1.0000
2025-12-17 20:45:04,821 - ml_pipeline - INFO - Supervised model training completed successfully
2025-12-17 20:45:04,821 - ml_pipeline - INFO - Starting Hybrid Prediction Pipeline...
2025-12-17 20:45:04,824 - ml_pipeline - INFO - Starting Unsupervised Discovery Phase...
2025-12-17 20:45:04,827 - ml_pipeline - INFO - Loaded 1000 records from network_traffic.csv
2025-12-17 20:45:04,828 - ml_pipeline - ERROR - Error in anomaly detection: "None of [Index(['response_code', 'bytes_sent'], dtype='object')] are in the [columns]"
2025-12-17 20:45:04,828 - ml_pipeline - ERROR - Unsupervised discovery phase failed
2025-12-17 20:45:04,828 - ml_pipeline - ERROR - Unsupervised phase failed in hybrid pipeline
2025-12-17 20:45:27,272 - ml_pipeline - INFO - Starting Unsupervised Discovery Phase...
2025-12-17 20:45:27,284 - ml_pipeline - INFO - Loaded 1000 records from network_traffic.csv
2025-12-17 20:45:27,286 - ml_pipeline - ERROR - Error in anomaly detection: "None of [Index(['response_code', 'bytes_sent'], dtype='object')] are in the [columns]"
2025-12-17 20:45:27,287 - ml_pipeline - ERROR - Unsupervised discovery phase failed
2025-12-17 20:45:27,288 - ml_pipeline - INFO - Starting Supervised Prediction Phase...
2025-12-17 20:45:27,889 - ml_pipeline - INFO - Supervised model training completed. Test accuracy: 1.0000
2025-12-17 20:45:27,890 - ml_pipeline - INFO - Supervised model training completed successfully
2025-12-17 20:45:27,890 - ml_pipeline - INFO - Starting Hybrid Prediction Pipeline...
2025-12-17 20:45:27,898 - ml_pipeline - INFO - Starting Unsupervised Discovery Phase...
2025-12-17 20:45:27,909 - ml_pipeline - INFO - Loaded 1000 records from network_traffic.csv
2025-12-17 20:45:27,911 - ml_pipeline - ERROR - Error in anomaly detection: "None of [Index(['response_code', 'bytes_sent'], dtype='object')] are in the [columns]"
2025-12-17 20:45:27,911 - ml_pipeline - ERROR - Unsupervised discovery phase failed
2025-12-17 20:45:27,912 - ml_pipeline - ERROR - Unsupervised phase failed in hybrid pipeline
2025-12-17 20:46:16,131 - ml_pipeline - INFO - Starting Unsupervised Discovery Phase...
2025-12-17 20:46:16,135 - ml_pipeline - INFO - Loaded 1000 records from network_traffic.csv
2025-12-17 20:46:16,136 - ml_pipeline - ERROR - Error in anomaly detection: "None of [Index(['response_code', 'bytes_sent'], dtype='object')] are in the [columns]"
2025-12-17 20:46:16,136 - ml_pipeline - ERROR - Unsupervised discovery phase failed
2025-12-17 20:46:16,136 - ml_pipeline - INFO - Starting Supervised Prediction Phase...
2025-12-17 20:46:16,297 - ml_pipeline - INFO - Supervised model training completed. Test accuracy: 1.0000
2025-12-17 20:46:16,298 - ml_pipeline - INFO - Supervised model training completed successfully
2025-12-17 20:46:16,298 - ml_pipeline - INFO - Starting Hybrid Prediction Pipeline...
2025-12-17 20:46:16,302 - ml_pipeline - INFO - Starting Unsupervised Discovery Phase...
2025-12-17 20:46:16,306 - ml_pipeline - INFO - Loaded 1000 records from network_traffic.csv
2025-12-17 20:46:16,307 - ml_pipeline - ERROR - Error in anomaly detection: "None of [Index(['response_code', 'bytes_sent'], dtype='object')] are in the [columns]"
2025-12-17 20:46:16,308 - ml_pipeline - ERROR - Unsupervised discovery phase failed
2025-12-17 20:46:16,308 - ml_pipeline - ERROR - Unsupervised phase failed in hybrid pipeline
2025-12-17 20:53:28,633 - ml_pipeline - INFO - Starting Unsupervised Anomaly Detection on Hourly Data...
2025-12-17 20:53:28,664 - ml_pipeline - INFO - Aggregated data into 25 hourly records
2025-12-17 20:53:28,666 - ml_pipeline - ERROR - Error in anomaly detection: "None of [Index(['response_code', 'bytes_sent'], dtype='object')] are in the [columns]"
2025-12-17 20:53:28,667 - ml_pipeline - ERROR - Unsupervised anomaly detection failed
2025-12-17 20:54:12,437 - ml_pipeline - INFO - Aggregated data into 25 hourly records
2025-12-17 20:54:31,689 - ml_pipeline - INFO - Starting Unsupervised Anomaly Detection on Hourly Data...
2025-12-17 20:54:31,703 - ml_pipeline - INFO - Aggregated data into 25 hourly records
2025-12-17 20:54:31,704 - ml_pipeline - ERROR - Error in anomaly detection: "None of [Index(['response_code', 'bytes_sent'], dtype='object')] are in the [columns]"
2025-12-17 20:54:31,704 - ml_pipeline - ERROR - Unsupervised anomaly detection failed
2025-12-17 20:54:59,482 - ml_pipeline - INFO - Starting Unsupervised Anomaly Detection on Hourly Data...
2025-12-17 20:54:59,495 - ml_pipeline - INFO - Aggregated data into 25 hourly records
2025-12-17 20:54:59,609 - ml_pipeline - INFO - Anomaly detection completed. Detected 3 anomalies out of 25 samples
2025-12-17 20:54:59,610 - ml_pipeline - INFO - Unsupervised anomaly detection completed. Detected 3 anomalous hours out of 25 hours
=======
2025-12-17 11:04:54,657 - ml_pipeline - INFO - Successfully fetched 0 rows from network_traffic
2025-12-17 11:04:54,729 - ml_pipeline - ERROR - Error in anomaly detection: Found array with 0 sample(s) (shape=(0, 2)) while a minimum of 1 is required by StandardScaler.
2025-12-17 11:04:54,729 - ml_pipeline - ERROR - Error in statistical anomaly detection: 'NoneType' object has no attribute 'copy'
>>>>>>> 9b41392c43bf392299c4152b41b1dea8feed89f1
2025-12-17 21:17:29,795 - ml_pipeline - INFO - Starting Unsupervised Anomaly Detection on Hourly Data...
2025-12-17 21:17:29,808 - ml_pipeline - INFO - Aggregated data into 25 hourly records
2025-12-17 21:17:29,917 - ml_pipeline - INFO - Anomaly detection completed. Detected 3 anomalies out of 25 samples
2025-12-17 21:17:29,917 - ml_pipeline - INFO - Unsupervised anomaly detection completed. Detected 3 anomalous hours out of 25 hours
2025-12-17 21:33:52,052 - ml_pipeline - INFO - Starting Unsupervised Anomaly Detection on Hourly Data...
2025-12-17 21:33:52,114 - ml_pipeline - INFO - Aggregated data into 25 hourly records
2025-12-17 21:33:52,553 - ml_pipeline - INFO - Anomaly detection completed. Detected 3 anomalies out of 25 samples
2025-12-17 21:33:52,555 - ml_pipeline - INFO - Unsupervised anomaly detection completed. Detected 3 anomalous hours out of 25 hours
2025-12-18 14:39:30,906 - ml_pipeline - INFO - Starting Metabase dashboard update...
2025-12-18 14:39:34,420 - ml_pipeline - ERROR - Failed to authenticate with Metabase: 401 Client Error: Unauthorized for url: http://localhost:3000/api/session
2025-12-18 14:39:34,420 - ml_pipeline - ERROR - Cannot update Metabase dashboard without authentication
2025-12-18 14:45:50,791 - ml_pipeline - INFO - Starting Metabase dashboard update...
2025-12-18 14:45:50,986 - ml_pipeline - ERROR - Failed to authenticate with Metabase: 401 Client Error: Unauthorized for url: http://localhost:3000/api/session
2025-12-18 14:45:50,986 - ml_pipeline - ERROR - Cannot update Metabase dashboard without authentication
2025-12-18 15:33:33,857 - ml_pipeline - INFO - Starting Metabase dashboard update...
2025-12-18 15:33:44,275 - ml_pipeline - ERROR - Failed to authenticate with Metabase: 401 Client Error: Unauthorized for url: http://localhost:3000/api/session
2025-12-18 15:33:44,275 - ml_pipeline - ERROR - Cannot update Metabase dashboard without authentication
2025-12-18 16:10:01,332 - ml_pipeline - INFO - Isolation Forest model trained and saved to C:\Users\HP\Network-Traffic-Analysis\models\isolation_forest_model.pkl
